2025-05-29 13:41:00 Loading main app package /tmp/.mount_Obsidi4C5c27/resources/obsidian.asar
2025-05-29 13:41:00 Checking for update using Github
2025-05-29 13:41:01 Success.
2025-05-29 13:41:01 Latest version is 1.8.10
2025-05-29 13:41:01 App is up to date.
2025-05-29 13:41:53 Loading main app package /tmp/.mount_ObsidiUXWcB1/resources/obsidian.asar
2025-05-29 13:41:54 Checking for update using Github
2025-05-29 13:41:54 Success.
2025-05-29 13:41:54 Latest version is 1.8.10
2025-05-29 13:41:54 App is up to date.
2025-05-29 13:42:12 Loading main app package /tmp/.mount_Obsidi2dke5X/resources/obsidian.asar
2025-05-29 13:42:12 Checking for update using Github
2025-05-29 13:42:12 Success.
2025-05-29 13:42:12 Latest version is 1.8.10
2025-05-29 13:42:12 App is up to date.
2025-06-02 12:52:30 Loading main app package /tmp/.mount_ObsidiWxCKSu/resources/obsidian.asar
2025-06-02 12:52:30 Checking for update using Github
2025-06-02 12:52:31 Success.
2025-06-02 12:52:31 Latest version is 1.8.10
2025-06-02 12:52:31 App is up to date.
2025-06-02 12:52:58 Loading main app package /tmp/.mount_ObsidikcC9Ce/resources/obsidian.asar
2025-06-02 12:52:58 Checking for update using Github
2025-06-02 12:52:58 Success.
2025-06-02 12:52:58 Latest version is 1.8.10
2025-06-02 12:52:58 App is up to date.
2025-06-02 12:53:08 Loading main app package /tmp/.mount_ObsidiSGPWG1/resources/obsidian.asar
2025-06-02 12:53:08 Checking for update using Github
2025-06-02 12:53:08 Success.
2025-06-02 12:53:08 Latest version is 1.8.10
2025-06-02 12:53:08 App is up to date.
2025-06-02 12:53:50 Loading main app package /var/lib/flatpak/app/md.obsidian.Obsidian/x86_64/stable/9f4312386d364273d22259190d93376ef6eebff9717e31a71aa498010d5de633/files/resources/obsidian.asar
2025-06-02 12:53:50 Checking for update using Github
2025-06-02 12:53:50 Success.
2025-06-02 12:53:50 Latest version is 1.8.10
2025-06-02 12:53:50 App is up to date.
2025-06-04 13:27:54 Loading main app package /tmp/.mount_ObsidiYFP1q8/resources/obsidian.asar
2025-06-04 13:27:54 Checking for update using Github
2025-06-04 13:27:54 Success.
2025-06-04 13:27:54 Latest version is 1.8.10
2025-06-04 13:27:54 App is up to date.
2025-06-04 13:33:30 Loading main app package /tmp/.mount_ObsidieGy16Q/resources/obsidian.asar
2025-06-04 13:33:31 Checking for update using Github
2025-06-04 13:33:31 Success.
2025-06-04 13:33:31 Latest version is 1.8.10
2025-06-04 13:33:31 App is up to date.
2025-06-04 13:33:37 Loading main app package /tmp/.mount_ObsidifvRJrR/resources/obsidian.asar
2025-06-04 13:33:37 Checking for update using Github
2025-06-04 13:33:37 Success.
2025-06-04 13:33:37 Latest version is 1.8.10
2025-06-04 13:33:37 App is up to date.
